<?xml version="1.0" encoding="UTF-8"?>
<!-- Generated by org.testng.reporters.JUnitReportReporter -->
<testsuite hostname="Shravani" name="com.ontestautomation.restassured.datadriven.RestAssuredDataDrivenTests" tests="6" failures="0" timestamp="19 Oct 2018 07:25:30 GMT" time="8.129" errors="0">
  <testcase name="md5JsonTest" time="0.805" classname="com.ontestautomation.restassured.datadriven.RestAssuredDataDrivenTests"/>
  <testcase name="md5JsonTest" time="0.330" classname="com.ontestautomation.restassured.datadriven.RestAssuredDataDrivenTests"/>
  <testcase name="circuitLocationTest" time="5.792" classname="com.ontestautomation.restassured.datadriven.RestAssuredDataDrivenTests"/>
  <testcase name="circuitLocationTest" time="0.449" classname="com.ontestautomation.restassured.datadriven.RestAssuredDataDrivenTests"/>
  <testcase name="md5JsonTest" time="0.338" classname="com.ontestautomation.restassured.datadriven.RestAssuredDataDrivenTests"/>
  <testcase name="circuitLocationTest" time="0.415" classname="com.ontestautomation.restassured.datadriven.RestAssuredDataDrivenTests"/>
</testsuite> <!-- com.ontestautomation.restassured.datadriven.RestAssuredDataDrivenTests -->
